[INFO ] 2022-12-13 14:49:03.598 [main] ReportManager - 
################################################################################################################################################
Detected SHAFT Engine Version: "SHAFT Engine v6.4.20221204"
################################################################################################################################################
[INFO ] 2022-12-13 14:49:04.573 [main] ReportManager - Loaded OpenCV "opencv_java455".
[DEBUG] 2022-12-13 14:49:04.688 [main] Graph - [Graph] ADDING NODE RestfulBooker.beforeClass()[pri:0, instance:null] 327217297
[DEBUG] 2022-12-13 14:49:04.722 [main] Graph - [Graph] ================ SORTING
[DEBUG] 2022-12-13 14:49:04.724 [main] Graph - [Graph] =============== DONE SORTING
[DEBUG] 2022-12-13 14:49:04.724 [main] Graph - [Graph] ====== SORTED NODES
[DEBUG] 2022-12-13 14:49:04.724 [main] Graph - [Graph] ====== END SORTED NODES
[DEBUG] 2022-12-13 14:49:04.729 [main] Graph - [Graph] ADDING NODE LogsHelper.setupActivities(org.testng.ITestContext)[pri:0, instance:null] 2146660425
[DEBUG] 2022-12-13 14:49:04.729 [main] Graph - [Graph] ================ SORTING
[DEBUG] 2022-12-13 14:49:04.729 [main] Graph - [Graph] =============== DONE SORTING
[DEBUG] 2022-12-13 14:49:04.729 [main] Graph - [Graph] ====== SORTED NODES
[DEBUG] 2022-12-13 14:49:04.729 [main] Graph - [Graph] ====== END SORTED NODES
[DEBUG] 2022-12-13 14:49:04.730 [main] Graph - [Graph] ADDING NODE LogsHelper.teardownActivities()[pri:0, instance:null] -599874672
[DEBUG] 2022-12-13 14:49:04.730 [main] Graph - [Graph] ================ SORTING
[DEBUG] 2022-12-13 14:49:04.730 [main] Graph - [Graph] =============== DONE SORTING
[DEBUG] 2022-12-13 14:49:04.730 [main] Graph - [Graph] ====== SORTED NODES
[DEBUG] 2022-12-13 14:49:04.731 [main] Graph - [Graph] ====== END SORTED NODES
[DEBUG] 2022-12-13 14:49:04.733 [main] Graph - [Graph] ADDING NODE LogsHelper.setupActivities(org.testng.ITestContext)[pri:0, instance:com.shaft.tools.listeners.LogsHelper@1ab53860] -1724919497
[DEBUG] 2022-12-13 14:49:04.733 [main] Graph - [Graph] ================ SORTING
[DEBUG] 2022-12-13 14:49:04.733 [main] Graph - [Graph] =============== DONE SORTING
[DEBUG] 2022-12-13 14:49:04.733 [main] Graph - [Graph] ====== SORTED NODES
[DEBUG] 2022-12-13 14:49:04.733 [main] Graph - [Graph] ====== END SORTED NODES
[DEBUG] 2022-12-13 14:49:04.736 [main] Graph - [Graph] ADDING NODE RestfulBooker.deleteBooking()[pri:0, instance:RestfulBookeroObjectModel.RestfulBooker@591f6f83] 558910079
[DEBUG] 2022-12-13 14:49:04.736 [main] Graph - [Graph] ================ SORTING
[DEBUG] 2022-12-13 14:49:04.736 [main] Graph - [Graph] =============== DONE SORTING
[DEBUG] 2022-12-13 14:49:04.736 [main] Graph - [Graph] ====== SORTED NODES
[DEBUG] 2022-12-13 14:49:04.736 [main] Graph - [Graph] ====== END SORTED NODES
[DEBUG] 2022-12-13 14:49:04.737 [main] Graph - [Graph] ADDING NODE LogsHelper.teardownActivities()[pri:0, instance:com.shaft.tools.listeners.LogsHelper@1ab53860] -968161584
[DEBUG] 2022-12-13 14:49:04.738 [main] Graph - [Graph] ================ SORTING
[DEBUG] 2022-12-13 14:49:04.738 [main] Graph - [Graph] =============== DONE SORTING
[DEBUG] 2022-12-13 14:49:04.738 [main] Graph - [Graph] ====== SORTED NODES
[DEBUG] 2022-12-13 14:49:04.738 [main] Graph - [Graph] ====== END SORTED NODES
[INFO ] 2022-12-13 14:49:04.742 [main] Utils - [TestNG] Running:
  /Users/radwa/Library/Caches/JetBrains/IdeaIC2022.2/temp-testng-customsuite.xml

[INFO ] 2022-12-13 14:49:04.759 [main] ReportManager - 
################################################################################################################################################
Starting Execution of a Configuration (Setup or Teardown) Method
Test Method:		"com.shaft.tools.listeners.LogsHelper.setupActivities"
################################################################################################################################################
[INFO ] 2022-12-13 14:49:04.772 [main] ReportManager - Initializing Allure Reporting Environment...
[INFO ] 2022-12-13 14:49:04.901 [main] ReportManager - Initializing Extent Reporting Environment...
[INFO ] 2022-12-13 14:49:05.215 [main] ReportManager - Initializing Important Links...
[INFO ] 2022-12-13 14:49:05.222 [main] ReportManager - Initializing Custom Properties...
[INFO ] 2022-12-13 14:49:05.260 [main] ReportManager - 
################################################################################################################################################
Starting Execution of a Configuration (Setup or Teardown) Method
Test Method:		"RestfulBookeroObjectModel.RestfulBooker.beforeClass"
################################################################################################################################################
[DEBUG] 2022-12-13 14:49:06.645 [main] BasicClientConnectionManager - Get connection for route {s}->https://restful-booker.herokuapp.com:443
[DEBUG] 2022-12-13 14:49:06.711 [main] DefaultClientConnectionOperator - Connecting to restful-booker.herokuapp.com:443
[DEBUG] 2022-12-13 14:49:07.351 [main] RequestAddCookies - CookieSpec selected: ignoreCookies
[DEBUG] 2022-12-13 14:49:07.352 [main] RequestAuthCache - Auth cache not set in the context
[DEBUG] 2022-12-13 14:49:07.352 [main] RequestTargetAuthentication - Target auth state: UNCHALLENGED
[DEBUG] 2022-12-13 14:49:07.353 [main] RequestProxyAuthentication - Proxy auth state: UNCHALLENGED
[DEBUG] 2022-12-13 14:49:07.353 [main] DefaultHttpClient - Attempt 1 to execute request
[DEBUG] 2022-12-13 14:49:07.353 [main] DefaultClientConnection - Sending request: POST /auth HTTP/1.1
[DEBUG] 2022-12-13 14:49:07.353 [main] wire -  >> "POST /auth HTTP/1.1[\r][\n]"
[DEBUG] 2022-12-13 14:49:07.354 [main] wire -  >> "Accept: */*[\r][\n]"
[DEBUG] 2022-12-13 14:49:07.354 [main] wire -  >> "Content-Type: application/json; charset=UTF-8[\r][\n]"
[DEBUG] 2022-12-13 14:49:07.354 [main] wire -  >> "Content-Length: 45[\r][\n]"
[DEBUG] 2022-12-13 14:49:07.355 [main] wire -  >> "Host: restful-booker.herokuapp.com[\r][\n]"
[DEBUG] 2022-12-13 14:49:07.355 [main] wire -  >> "Connection: Keep-Alive[\r][\n]"
[DEBUG] 2022-12-13 14:49:07.355 [main] wire -  >> "User-Agent: Apache-HttpClient/4.5.13 (Java/17.0.5)[\r][\n]"
[DEBUG] 2022-12-13 14:49:07.355 [main] wire -  >> "Accept-Encoding: gzip,deflate[\r][\n]"
[DEBUG] 2022-12-13 14:49:07.355 [main] wire -  >> "[\r][\n]"
[DEBUG] 2022-12-13 14:49:07.355 [main] headers - >> POST /auth HTTP/1.1
[DEBUG] 2022-12-13 14:49:07.355 [main] headers - >> Accept: */*
[DEBUG] 2022-12-13 14:49:07.355 [main] headers - >> Content-Type: application/json; charset=UTF-8
[DEBUG] 2022-12-13 14:49:07.355 [main] headers - >> Content-Length: 45
[DEBUG] 2022-12-13 14:49:07.355 [main] headers - >> Host: restful-booker.herokuapp.com
[DEBUG] 2022-12-13 14:49:07.355 [main] headers - >> Connection: Keep-Alive
[DEBUG] 2022-12-13 14:49:07.355 [main] headers - >> User-Agent: Apache-HttpClient/4.5.13 (Java/17.0.5)
[DEBUG] 2022-12-13 14:49:07.355 [main] headers - >> Accept-Encoding: gzip,deflate
[DEBUG] 2022-12-13 14:49:07.355 [main] wire -  >> "{"password":"password123","username":"admin"}"
[DEBUG] 2022-12-13 14:49:07.512 [main] wire -  << "HTTP/1.1 200 OK[\r][\n]"
[DEBUG] 2022-12-13 14:49:07.514 [main] wire -  << "Server: Cowboy[\r][\n]"
[DEBUG] 2022-12-13 14:49:07.514 [main] wire -  << "Connection: keep-alive[\r][\n]"
[DEBUG] 2022-12-13 14:49:07.515 [main] wire -  << "X-Powered-By: Express[\r][\n]"
[DEBUG] 2022-12-13 14:49:07.515 [main] wire -  << "Content-Type: application/json; charset=utf-8[\r][\n]"
[DEBUG] 2022-12-13 14:49:07.515 [main] wire -  << "Content-Length: 27[\r][\n]"
[DEBUG] 2022-12-13 14:49:07.515 [main] wire -  << "Etag: W/"1b-hIRZGoASOC/2FPBvGq9bkxmDeNc"[\r][\n]"
[DEBUG] 2022-12-13 14:49:07.515 [main] wire -  << "Date: Tue, 13 Dec 2022 12:49:07 GMT[\r][\n]"
[DEBUG] 2022-12-13 14:49:07.515 [main] wire -  << "Via: 1.1 vegur[\r][\n]"
[DEBUG] 2022-12-13 14:49:07.515 [main] wire -  << "[\r][\n]"
[DEBUG] 2022-12-13 14:49:07.516 [main] DefaultClientConnection - Receiving response: HTTP/1.1 200 OK
[DEBUG] 2022-12-13 14:49:07.516 [main] headers - << HTTP/1.1 200 OK
[DEBUG] 2022-12-13 14:49:07.516 [main] headers - << Server: Cowboy
[DEBUG] 2022-12-13 14:49:07.516 [main] headers - << Connection: keep-alive
[DEBUG] 2022-12-13 14:49:07.516 [main] headers - << X-Powered-By: Express
[DEBUG] 2022-12-13 14:49:07.516 [main] headers - << Content-Type: application/json; charset=utf-8
[DEBUG] 2022-12-13 14:49:07.516 [main] headers - << Content-Length: 27
[DEBUG] 2022-12-13 14:49:07.516 [main] headers - << Etag: W/"1b-hIRZGoASOC/2FPBvGq9bkxmDeNc"
[DEBUG] 2022-12-13 14:49:07.516 [main] headers - << Date: Tue, 13 Dec 2022 12:49:07 GMT
[DEBUG] 2022-12-13 14:49:07.516 [main] headers - << Via: 1.1 vegur
[DEBUG] 2022-12-13 14:49:07.520 [main] DefaultHttpClient - Connection can be kept alive indefinitely
[DEBUG] 2022-12-13 14:49:07.524 [main] RestAssuredHttpBuilder - Parsing response as: application/json; charset=utf-8
[DEBUG] 2022-12-13 14:49:07.524 [main] RestAssuredHttpBuilder - Parsed data to instance of: class org.apache.http.conn.EofSensorInputStream
[INFO ] 2022-12-13 14:49:07.553 [main] ReportManager - Response status code: "200", status line: "HTTP/1.1 200 OK"
[DEBUG] 2022-12-13 14:49:07.579 [main] wire -  << "{"token":"c108e7712520984"}"
[DEBUG] 2022-12-13 14:49:07.579 [main] BasicClientConnectionManager - Releasing connection org.apache.http.impl.conn.ManagedClientConnectionImpl@cfb462
[DEBUG] 2022-12-13 14:49:07.579 [main] BasicClientConnectionManager - Connection can be kept alive indefinitely
[INFO ] 2022-12-13 14:49:08.169 [main] ReportManager - Successfully created attachment "API Request - Specifications"
[INFO ] 2022-12-13 14:49:08.170 [main] ReportManager - Successfully created attachment "API Request - JSON Body"
[INFO ] 2022-12-13 14:49:08.171 [main] ReportManager - Successfully created attachment "API Response - JSON Body"
[DEBUG] 2022-12-13 14:49:08.264 [main] CompiledPath - Evaluating path: $['token']
[INFO ] 2022-12-13 14:49:08.268 [main] ReportManager - Get response jsonvalue "token".
[ERROR] 2022-12-13 14:49:08.269 [main] AllureLifecycle - Could not add attachment: no test is running
[INFO ] 2022-12-13 14:49:08.270 [main] ReportManager - Successfully created attachment "SHAFT Engine Logs - Current Method log: beforeClass"
[INFO ] 2022-12-13 14:49:08.298 [main] ReportManager - 
################################################################################################################################################
Starting Execution:	"1 out of 1" test cases in the current suite
Test Method:		"RestfulBookeroObjectModel.RestfulBooker.deleteBooking"
################################################################################################################################################
[DEBUG] 2022-12-13 14:49:08.325 [main] BasicClientConnectionManager - Get connection for route {s}->https://restful-booker.herokuapp.com:443
[DEBUG] 2022-12-13 14:49:08.325 [main] DefaultClientConnectionOperator - Connecting to restful-booker.herokuapp.com:443
[DEBUG] 2022-12-13 14:49:08.884 [main] RequestAddCookies - CookieSpec selected: ignoreCookies
[DEBUG] 2022-12-13 14:49:08.884 [main] RequestAuthCache - Auth cache not set in the context
[DEBUG] 2022-12-13 14:49:08.884 [main] RequestTargetAuthentication - Target auth state: UNCHALLENGED
[DEBUG] 2022-12-13 14:49:08.885 [main] RequestProxyAuthentication - Proxy auth state: UNCHALLENGED
[DEBUG] 2022-12-13 14:49:08.885 [main] DefaultHttpClient - Attempt 1 to execute request
[DEBUG] 2022-12-13 14:49:08.885 [main] DefaultClientConnection - Sending request: DELETE /booking/8 HTTP/1.1
[DEBUG] 2022-12-13 14:49:08.885 [main] wire -  >> "DELETE /booking/8 HTTP/1.1[\r][\n]"
[DEBUG] 2022-12-13 14:49:08.885 [main] wire -  >> "Content-Type: */*; charset=UTF-8[\r][\n]"
[DEBUG] 2022-12-13 14:49:08.885 [main] wire -  >> "cookie: token=c108e7712520984[\r][\n]"
[DEBUG] 2022-12-13 14:49:08.885 [main] wire -  >> "Accept: */*[\r][\n]"
[DEBUG] 2022-12-13 14:49:08.885 [main] wire -  >> "Host: restful-booker.herokuapp.com[\r][\n]"
[DEBUG] 2022-12-13 14:49:08.885 [main] wire -  >> "Connection: Keep-Alive[\r][\n]"
[DEBUG] 2022-12-13 14:49:08.885 [main] wire -  >> "User-Agent: Apache-HttpClient/4.5.13 (Java/17.0.5)[\r][\n]"
[DEBUG] 2022-12-13 14:49:08.885 [main] wire -  >> "Accept-Encoding: gzip,deflate[\r][\n]"
[DEBUG] 2022-12-13 14:49:08.885 [main] wire -  >> "[\r][\n]"
[DEBUG] 2022-12-13 14:49:08.886 [main] headers - >> DELETE /booking/8 HTTP/1.1
[DEBUG] 2022-12-13 14:49:08.886 [main] headers - >> Content-Type: */*; charset=UTF-8
[DEBUG] 2022-12-13 14:49:08.886 [main] headers - >> cookie: token=c108e7712520984
[DEBUG] 2022-12-13 14:49:08.886 [main] headers - >> Accept: */*
[DEBUG] 2022-12-13 14:49:08.886 [main] headers - >> Host: restful-booker.herokuapp.com
[DEBUG] 2022-12-13 14:49:08.886 [main] headers - >> Connection: Keep-Alive
[DEBUG] 2022-12-13 14:49:08.886 [main] headers - >> User-Agent: Apache-HttpClient/4.5.13 (Java/17.0.5)
[DEBUG] 2022-12-13 14:49:08.886 [main] headers - >> Accept-Encoding: gzip,deflate
[DEBUG] 2022-12-13 14:49:09.027 [main] wire -  << "HTTP/1.1 201 Created[\r][\n]"
[DEBUG] 2022-12-13 14:49:09.028 [main] wire -  << "Server: Cowboy[\r][\n]"
[DEBUG] 2022-12-13 14:49:09.028 [main] wire -  << "Connection: keep-alive[\r][\n]"
[DEBUG] 2022-12-13 14:49:09.028 [main] wire -  << "X-Powered-By: Express[\r][\n]"
[DEBUG] 2022-12-13 14:49:09.028 [main] wire -  << "Content-Type: text/plain; charset=utf-8[\r][\n]"
[DEBUG] 2022-12-13 14:49:09.028 [main] wire -  << "Content-Length: 7[\r][\n]"
[DEBUG] 2022-12-13 14:49:09.028 [main] wire -  << "Etag: W/"7-rM9AyJuqT6iOan/xHh+AW+7K/T8"[\r][\n]"
[DEBUG] 2022-12-13 14:49:09.028 [main] wire -  << "Date: Tue, 13 Dec 2022 12:49:09 GMT[\r][\n]"
[DEBUG] 2022-12-13 14:49:09.028 [main] wire -  << "Via: 1.1 vegur[\r][\n]"
[DEBUG] 2022-12-13 14:49:09.028 [main] wire -  << "[\r][\n]"
[DEBUG] 2022-12-13 14:49:09.028 [main] DefaultClientConnection - Receiving response: HTTP/1.1 201 Created
[DEBUG] 2022-12-13 14:49:09.028 [main] headers - << HTTP/1.1 201 Created
[DEBUG] 2022-12-13 14:49:09.028 [main] headers - << Server: Cowboy
[DEBUG] 2022-12-13 14:49:09.028 [main] headers - << Connection: keep-alive
[DEBUG] 2022-12-13 14:49:09.028 [main] headers - << X-Powered-By: Express
[DEBUG] 2022-12-13 14:49:09.028 [main] headers - << Content-Type: text/plain; charset=utf-8
[DEBUG] 2022-12-13 14:49:09.028 [main] headers - << Content-Length: 7
[DEBUG] 2022-12-13 14:49:09.029 [main] headers - << Etag: W/"7-rM9AyJuqT6iOan/xHh+AW+7K/T8"
[DEBUG] 2022-12-13 14:49:09.029 [main] headers - << Date: Tue, 13 Dec 2022 12:49:09 GMT
[DEBUG] 2022-12-13 14:49:09.029 [main] headers - << Via: 1.1 vegur
[DEBUG] 2022-12-13 14:49:09.029 [main] DefaultHttpClient - Connection can be kept alive indefinitely
[DEBUG] 2022-12-13 14:49:09.029 [main] RestAssuredHttpBuilder - Parsing response as: text/plain; charset=utf-8
[DEBUG] 2022-12-13 14:49:09.029 [main] RestAssuredHttpBuilder - Parsed data to instance of: class org.apache.http.conn.EofSensorInputStream
[INFO ] 2022-12-13 14:49:09.030 [main] ReportManager - Response status code: "201", status line: "HTTP/1.1 201 Created"
[DEBUG] 2022-12-13 14:49:09.035 [main] wire -  << "Created"
[DEBUG] 2022-12-13 14:49:09.035 [main] BasicClientConnectionManager - Releasing connection org.apache.http.impl.conn.ManagedClientConnectionImpl@7061a5e7
[DEBUG] 2022-12-13 14:49:09.035 [main] BasicClientConnectionManager - Connection can be kept alive indefinitely
[INFO ] 2022-12-13 14:49:09.052 [main] ReportManager - Successfully created attachment "API Request - Specifications"
[INFO ] 2022-12-13 14:49:09.053 [main] ReportManager - Successfully created attachment "API Response - Body"
[INFO ] 2022-12-13 14:49:09.055 [main] ReportManager - Successfully created attachment "SHAFT Engine Logs - Current Method log: deleteBooking"
[INFO ] 2022-12-13 14:49:09.139 [main] ReportManager - 
################################################################################################################################################
Starting Execution of a Configuration (Setup or Teardown) Method
Test Method:		"com.shaft.tools.listeners.LogsHelper.teardownActivities"
################################################################################################################################################
[INFO ] 2022-12-13 14:49:09.145 [main] ReportManager - Successfully Closed Driver.
[INFO ] 2022-12-13 14:49:09.146 [main] ReportManager - Successfully created attachment "SHAFT Engine Logs - Execution log"
[INFO ] 2022-12-13 14:49:09.146 [main] ReportManager - 
################################################################################################################################################
This test run was powered by SHAFT Engine Version: "SHAFT Engine v6.4.20221204"
SHAFT Engine is licensed under the MIT License: [https://github.com/ShaftHQ/SHAFT_ENGINE/blob/master/LICENSE].
################################################################################################################################################
[INFO ] 2022-12-13 14:49:09.147 [main] ReportManager - File Action "DoesFileExist" successfully performed. With the following test data "File Path: "target/logs/log4j.log"".
[INFO ] 2022-12-13 14:49:09.147 [main] ReportManager - File Action "GetAbsolutePath" successfully performed. With the following test data "Relative Folder Path: "target/logs/log4j.log"".
[INFO ] 2022-12-13 14:49:09.148 [main] ReportManager - File Action "ReadFileAsByteArray" successfully performed. With the following test data "File Path: "/Users/radwa/Desktop/shaft_project/target/logs/log4j.log"".
[INFO ] 2022-12-13 14:49:09.148 [main] ReportManager - Successfully created attachment "SHAFT Engine Logs - Execution log: 20221213-144909"
[INFO ] 2022-12-13 14:49:09.149 [main] ReportManager - File Action "DoesFileExist" successfully performed. With the following test data "File Path: "allure-results/cucumberReport.html"".
[DEBUG] 2022-12-13 14:49:09.171 [main] cache - Couldn't find template in cache for "spark/spark.spa.ftl"("en_EG", UTF-8, parsed); will try to load it.
[DEBUG] 2022-12-13 14:49:09.172 [main] cache - TemplateLoader.findTemplateSource("spark/spark.spa_en_EG.ftl"): Not found
[DEBUG] 2022-12-13 14:49:09.174 [main] cache - TemplateLoader.findTemplateSource("spark/spark.spa_en.ftl"): Not found
[DEBUG] 2022-12-13 14:49:09.175 [main] cache - TemplateLoader.findTemplateSource("spark/spark.spa.ftl"): Found
[DEBUG] 2022-12-13 14:49:09.175 [main] cache - Loading template for "spark/spark.spa.ftl"("en_EG", UTF-8, parsed) from "jar:file:/Users/radwa/.m2/repository/com/aventstack/extentreports/5.0.9/extentreports-5.0.9.jar!/com/aventstack/extentreports/templates/spark/spark.spa.ftl"
[DEBUG] 2022-12-13 14:49:09.250 [main] cache - Couldn't find template in cache for "commons/commons-variables.ftl"("en_EG", UTF-8, parsed); will try to load it.
[DEBUG] 2022-12-13 14:49:09.251 [main] cache - TemplateLoader.findTemplateSource("commons/commons-variables_en_EG.ftl"): Not found
[DEBUG] 2022-12-13 14:49:09.251 [main] cache - TemplateLoader.findTemplateSource("commons/commons-variables_en.ftl"): Not found
[DEBUG] 2022-12-13 14:49:09.251 [main] cache - TemplateLoader.findTemplateSource("commons/commons-variables.ftl"): Found
[DEBUG] 2022-12-13 14:49:09.251 [main] cache - Loading template for "commons/commons-variables.ftl"("en_EG", UTF-8, parsed) from "jar:file:/Users/radwa/.m2/repository/com/aventstack/extentreports/5.0.9/extentreports-5.0.9.jar!/com/aventstack/extentreports/templates/commons/commons-variables.ftl"
[DEBUG] 2022-12-13 14:49:09.330 [main] cache - Couldn't find template in cache for "commons/commons-macros.ftl"("en_EG", UTF-8, parsed); will try to load it.
[DEBUG] 2022-12-13 14:49:09.330 [main] cache - TemplateLoader.findTemplateSource("commons/commons-macros_en_EG.ftl"): Not found
[DEBUG] 2022-12-13 14:49:09.330 [main] cache - TemplateLoader.findTemplateSource("commons/commons-macros_en.ftl"): Not found
[DEBUG] 2022-12-13 14:49:09.330 [main] cache - TemplateLoader.findTemplateSource("commons/commons-macros.ftl"): Found
[DEBUG] 2022-12-13 14:49:09.330 [main] cache - Loading template for "commons/commons-macros.ftl"("en_EG", UTF-8, parsed) from "jar:file:/Users/radwa/.m2/repository/com/aventstack/extentreports/5.0.9/extentreports-5.0.9.jar!/com/aventstack/extentreports/templates/commons/commons-macros.ftl"
[DEBUG] 2022-12-13 14:49:09.336 [main] cache - Couldn't find template in cache for "spark/macros/attributes.ftl"("en_EG", UTF-8, parsed); will try to load it.
[DEBUG] 2022-12-13 14:49:09.336 [main] cache - TemplateLoader.findTemplateSource("spark/macros/attributes_en_EG.ftl"): Not found
[DEBUG] 2022-12-13 14:49:09.337 [main] cache - TemplateLoader.findTemplateSource("spark/macros/attributes_en.ftl"): Not found
[DEBUG] 2022-12-13 14:49:09.337 [main] cache - TemplateLoader.findTemplateSource("spark/macros/attributes.ftl"): Found
[DEBUG] 2022-12-13 14:49:09.337 [main] cache - Loading template for "spark/macros/attributes.ftl"("en_EG", UTF-8, parsed) from "jar:file:/Users/radwa/.m2/repository/com/aventstack/extentreports/5.0.9/extentreports-5.0.9.jar!/com/aventstack/extentreports/templates/spark/macros/attributes.ftl"
[DEBUG] 2022-12-13 14:49:09.338 [main] cache - Couldn't find template in cache for "spark/macros/log.ftl"("en_EG", UTF-8, parsed); will try to load it.
[DEBUG] 2022-12-13 14:49:09.338 [main] cache - TemplateLoader.findTemplateSource("spark/macros/log_en_EG.ftl"): Not found
[DEBUG] 2022-12-13 14:49:09.338 [main] cache - TemplateLoader.findTemplateSource("spark/macros/log_en.ftl"): Not found
[DEBUG] 2022-12-13 14:49:09.339 [main] cache - TemplateLoader.findTemplateSource("spark/macros/log.ftl"): Found
[DEBUG] 2022-12-13 14:49:09.339 [main] cache - Loading template for "spark/macros/log.ftl"("en_EG", UTF-8, parsed) from "jar:file:/Users/radwa/.m2/repository/com/aventstack/extentreports/5.0.9/extentreports-5.0.9.jar!/com/aventstack/extentreports/templates/spark/macros/log.ftl"
[DEBUG] 2022-12-13 14:49:09.340 [main] cache - Couldn't find template in cache for "spark/macros/recurse_nodes.ftl"("en_EG", UTF-8, parsed); will try to load it.
[DEBUG] 2022-12-13 14:49:09.340 [main] cache - TemplateLoader.findTemplateSource("spark/macros/recurse_nodes_en_EG.ftl"): Not found
[DEBUG] 2022-12-13 14:49:09.340 [main] cache - TemplateLoader.findTemplateSource("spark/macros/recurse_nodes_en.ftl"): Not found
[DEBUG] 2022-12-13 14:49:09.340 [main] cache - TemplateLoader.findTemplateSource("spark/macros/recurse_nodes.ftl"): Found
[DEBUG] 2022-12-13 14:49:09.340 [main] cache - Loading template for "spark/macros/recurse_nodes.ftl"("en_EG", UTF-8, parsed) from "jar:file:/Users/radwa/.m2/repository/com/aventstack/extentreports/5.0.9/extentreports-5.0.9.jar!/com/aventstack/extentreports/templates/spark/macros/recurse_nodes.ftl"
[DEBUG] 2022-12-13 14:49:09.342 [main] cache - "spark/macros/log.ftl"("en_EG", UTF-8, parsed) cached copy not yet stale; using cached.
[DEBUG] 2022-12-13 14:49:09.343 [main] cache - Couldn't find template in cache for "spark/macros/attr-common.ftl"("en_EG", UTF-8, parsed); will try to load it.
[DEBUG] 2022-12-13 14:49:09.343 [main] cache - TemplateLoader.findTemplateSource("spark/macros/attr-common_en_EG.ftl"): Not found
[DEBUG] 2022-12-13 14:49:09.343 [main] cache - TemplateLoader.findTemplateSource("spark/macros/attr-common_en.ftl"): Not found
[DEBUG] 2022-12-13 14:49:09.343 [main] cache - TemplateLoader.findTemplateSource("spark/macros/attr-common.ftl"): Found
[DEBUG] 2022-12-13 14:49:09.343 [main] cache - Loading template for "spark/macros/attr-common.ftl"("en_EG", UTF-8, parsed) from "jar:file:/Users/radwa/.m2/repository/com/aventstack/extentreports/5.0.9/extentreports-5.0.9.jar!/com/aventstack/extentreports/templates/spark/macros/attr-common.ftl"
[DEBUG] 2022-12-13 14:49:09.348 [main] cache - Couldn't find template in cache for "spark/partials/head.ftl"("en_EG", UTF-8, parsed); will try to load it.
[DEBUG] 2022-12-13 14:49:09.348 [main] cache - TemplateLoader.findTemplateSource("spark/partials/head_en_EG.ftl"): Not found
[DEBUG] 2022-12-13 14:49:09.348 [main] cache - TemplateLoader.findTemplateSource("spark/partials/head_en.ftl"): Not found
[DEBUG] 2022-12-13 14:49:09.348 [main] cache - TemplateLoader.findTemplateSource("spark/partials/head.ftl"): Found
[DEBUG] 2022-12-13 14:49:09.349 [main] cache - Loading template for "spark/partials/head.ftl"("en_EG", UTF-8, parsed) from "jar:file:/Users/radwa/.m2/repository/com/aventstack/extentreports/5.0.9/extentreports-5.0.9.jar!/com/aventstack/extentreports/templates/spark/partials/head.ftl"
[DEBUG] 2022-12-13 14:49:09.350 [main] cache - Couldn't find template in cache for "commons/commons-inject-css.ftl"("en_EG", UTF-8, parsed); will try to load it.
[DEBUG] 2022-12-13 14:49:09.351 [main] cache - TemplateLoader.findTemplateSource("commons/commons-inject-css_en_EG.ftl"): Not found
[DEBUG] 2022-12-13 14:49:09.351 [main] cache - TemplateLoader.findTemplateSource("commons/commons-inject-css_en.ftl"): Not found
[DEBUG] 2022-12-13 14:49:09.351 [main] cache - TemplateLoader.findTemplateSource("commons/commons-inject-css.ftl"): Found
[DEBUG] 2022-12-13 14:49:09.351 [main] cache - Loading template for "commons/commons-inject-css.ftl"("en_EG", UTF-8, parsed) from "jar:file:/Users/radwa/.m2/repository/com/aventstack/extentreports/5.0.9/extentreports-5.0.9.jar!/com/aventstack/extentreports/templates/commons/commons-inject-css.ftl"
[DEBUG] 2022-12-13 14:49:09.352 [main] cache - Couldn't find template in cache for "spark/partials/navbar.ftl"("en_EG", UTF-8, parsed); will try to load it.
[DEBUG] 2022-12-13 14:49:09.352 [main] cache - TemplateLoader.findTemplateSource("spark/partials/navbar_en_EG.ftl"): Not found
[DEBUG] 2022-12-13 14:49:09.352 [main] cache - TemplateLoader.findTemplateSource("spark/partials/navbar_en.ftl"): Not found
[DEBUG] 2022-12-13 14:49:09.352 [main] cache - TemplateLoader.findTemplateSource("spark/partials/navbar.ftl"): Found
[DEBUG] 2022-12-13 14:49:09.352 [main] cache - Loading template for "spark/partials/navbar.ftl"("en_EG", UTF-8, parsed) from "jar:file:/Users/radwa/.m2/repository/com/aventstack/extentreports/5.0.9/extentreports-5.0.9.jar!/com/aventstack/extentreports/templates/spark/partials/navbar.ftl"
[DEBUG] 2022-12-13 14:49:09.356 [main] cache - Couldn't find template in cache for "spark/partials/sidenav.ftl"("en_EG", UTF-8, parsed); will try to load it.
[DEBUG] 2022-12-13 14:49:09.357 [main] cache - TemplateLoader.findTemplateSource("spark/partials/sidenav_en_EG.ftl"): Not found
[DEBUG] 2022-12-13 14:49:09.357 [main] cache - TemplateLoader.findTemplateSource("spark/partials/sidenav_en.ftl"): Not found
[DEBUG] 2022-12-13 14:49:09.357 [main] cache - TemplateLoader.findTemplateSource("spark/partials/sidenav.ftl"): Found
[DEBUG] 2022-12-13 14:49:09.357 [main] cache - Loading template for "spark/partials/sidenav.ftl"("en_EG", UTF-8, parsed) from "jar:file:/Users/radwa/.m2/repository/com/aventstack/extentreports/5.0.9/extentreports-5.0.9.jar!/com/aventstack/extentreports/templates/spark/partials/sidenav.ftl"
[DEBUG] 2022-12-13 14:49:09.366 [main] cache - Couldn't find template in cache for "spark/partials/dashboard.ftl"("en_EG", UTF-8, parsed); will try to load it.
[DEBUG] 2022-12-13 14:49:09.366 [main] cache - TemplateLoader.findTemplateSource("spark/partials/dashboard_en_EG.ftl"): Not found
[DEBUG] 2022-12-13 14:49:09.366 [main] cache - TemplateLoader.findTemplateSource("spark/partials/dashboard_en.ftl"): Not found
[DEBUG] 2022-12-13 14:49:09.366 [main] cache - TemplateLoader.findTemplateSource("spark/partials/dashboard.ftl"): Found
[DEBUG] 2022-12-13 14:49:09.366 [main] cache - Loading template for "spark/partials/dashboard.ftl"("en_EG", UTF-8, parsed) from "jar:file:/Users/radwa/.m2/repository/com/aventstack/extentreports/5.0.9/extentreports-5.0.9.jar!/com/aventstack/extentreports/templates/spark/partials/dashboard.ftl"
[DEBUG] 2022-12-13 14:49:09.385 [main] cache - Couldn't find template in cache for "spark/partials/test.ftl"("en_EG", UTF-8, parsed); will try to load it.
[DEBUG] 2022-12-13 14:49:09.385 [main] cache - TemplateLoader.findTemplateSource("spark/partials/test_en_EG.ftl"): Not found
[DEBUG] 2022-12-13 14:49:09.386 [main] cache - TemplateLoader.findTemplateSource("spark/partials/test_en.ftl"): Not found
[DEBUG] 2022-12-13 14:49:09.386 [main] cache - TemplateLoader.findTemplateSource("spark/partials/test.ftl"): Found
[DEBUG] 2022-12-13 14:49:09.386 [main] cache - Loading template for "spark/partials/test.ftl"("en_EG", UTF-8, parsed) from "jar:file:/Users/radwa/.m2/repository/com/aventstack/extentreports/5.0.9/extentreports-5.0.9.jar!/com/aventstack/extentreports/templates/spark/partials/test.ftl"
[DEBUG] 2022-12-13 14:49:09.391 [main] cache - Couldn't find template in cache for "spark/partials/standard-content.ftl"("en_EG", UTF-8, parsed); will try to load it.
[DEBUG] 2022-12-13 14:49:09.391 [main] cache - TemplateLoader.findTemplateSource("spark/partials/standard-content_en_EG.ftl"): Not found
[DEBUG] 2022-12-13 14:49:09.392 [main] cache - TemplateLoader.findTemplateSource("spark/partials/standard-content_en.ftl"): Not found
[DEBUG] 2022-12-13 14:49:09.392 [main] cache - TemplateLoader.findTemplateSource("spark/partials/standard-content.ftl"): Found
[DEBUG] 2022-12-13 14:49:09.392 [main] cache - Loading template for "spark/partials/standard-content.ftl"("en_EG", UTF-8, parsed) from "jar:file:/Users/radwa/.m2/repository/com/aventstack/extentreports/5.0.9/extentreports-5.0.9.jar!/com/aventstack/extentreports/templates/spark/partials/standard-content.ftl"
[DEBUG] 2022-12-13 14:49:09.395 [main] cache - Couldn't find template in cache for "spark/partials/exception.ftl"("en_EG", UTF-8, parsed); will try to load it.
[DEBUG] 2022-12-13 14:49:09.396 [main] cache - TemplateLoader.findTemplateSource("spark/partials/exception_en_EG.ftl"): Not found
[DEBUG] 2022-12-13 14:49:09.396 [main] cache - TemplateLoader.findTemplateSource("spark/partials/exception_en.ftl"): Not found
[DEBUG] 2022-12-13 14:49:09.396 [main] cache - TemplateLoader.findTemplateSource("spark/partials/exception.ftl"): Found
[DEBUG] 2022-12-13 14:49:09.396 [main] cache - Loading template for "spark/partials/exception.ftl"("en_EG", UTF-8, parsed) from "jar:file:/Users/radwa/.m2/repository/com/aventstack/extentreports/5.0.9/extentreports-5.0.9.jar!/com/aventstack/extentreports/templates/spark/partials/exception.ftl"
[DEBUG] 2022-12-13 14:49:09.397 [main] cache - Couldn't find template in cache for "spark/partials/log.ftl"("en_EG", UTF-8, parsed); will try to load it.
[DEBUG] 2022-12-13 14:49:09.397 [main] cache - TemplateLoader.findTemplateSource("spark/partials/log_en_EG.ftl"): Not found
[DEBUG] 2022-12-13 14:49:09.398 [main] cache - TemplateLoader.findTemplateSource("spark/partials/log_en.ftl"): Not found
[DEBUG] 2022-12-13 14:49:09.398 [main] cache - TemplateLoader.findTemplateSource("spark/partials/log.ftl"): Found
[DEBUG] 2022-12-13 14:49:09.398 [main] cache - Loading template for "spark/partials/log.ftl"("en_EG", UTF-8, parsed) from "jar:file:/Users/radwa/.m2/repository/com/aventstack/extentreports/5.0.9/extentreports-5.0.9.jar!/com/aventstack/extentreports/templates/spark/partials/log.ftl"
[DEBUG] 2022-12-13 14:49:09.398 [main] cache - Couldn't find template in cache for "spark/partials/scripts.ftl"("en_EG", UTF-8, parsed); will try to load it.
[DEBUG] 2022-12-13 14:49:09.399 [main] cache - TemplateLoader.findTemplateSource("spark/partials/scripts_en_EG.ftl"): Not found
[DEBUG] 2022-12-13 14:49:09.399 [main] cache - TemplateLoader.findTemplateSource("spark/partials/scripts_en.ftl"): Not found
[DEBUG] 2022-12-13 14:49:09.399 [main] cache - TemplateLoader.findTemplateSource("spark/partials/scripts.ftl"): Found
[DEBUG] 2022-12-13 14:49:09.399 [main] cache - Loading template for "spark/partials/scripts.ftl"("en_EG", UTF-8, parsed) from "jar:file:/Users/radwa/.m2/repository/com/aventstack/extentreports/5.0.9/extentreports-5.0.9.jar!/com/aventstack/extentreports/templates/spark/partials/scripts.ftl"
[DEBUG] 2022-12-13 14:49:09.399 [main] cache - Couldn't find template in cache for "commons/commons-inject-js.ftl"("en_EG", UTF-8, parsed); will try to load it.
[DEBUG] 2022-12-13 14:49:09.400 [main] cache - TemplateLoader.findTemplateSource("commons/commons-inject-js_en_EG.ftl"): Not found
[DEBUG] 2022-12-13 14:49:09.400 [main] cache - TemplateLoader.findTemplateSource("commons/commons-inject-js_en.ftl"): Not found
[DEBUG] 2022-12-13 14:49:09.400 [main] cache - TemplateLoader.findTemplateSource("commons/commons-inject-js.ftl"): Found
[DEBUG] 2022-12-13 14:49:09.400 [main] cache - Loading template for "commons/commons-inject-js.ftl"("en_EG", UTF-8, parsed) from "jar:file:/Users/radwa/.m2/repository/com/aventstack/extentreports/5.0.9/extentreports-5.0.9.jar!/com/aventstack/extentreports/templates/commons/commons-inject-js.ftl"
[INFO ] 2022-12-13 14:49:09.402 [main] ReportManager - File Action "DoesFileExist" successfully performed. With the following test data "File Path: "extent-reports/ExtentReports_13-12-2022_14-49-04-0903-PM.html"".
[INFO ] 2022-12-13 14:49:09.402 [main] ReportManager - File Action "DoesFileExist" successfully performed. With the following test data "File Path: "extent-reports/ExtentReports_13-12-2022_14-49-04-0903-PM.html"".
[INFO ] 2022-12-13 14:49:09.402 [main] ReportManager - File Action "GetAbsolutePath" successfully performed. With the following test data "Relative Folder Path: "extent-reports/ExtentReports_13-12-2022_14-49-04-0903-PM.html"".
[INFO ] 2022-12-13 14:49:09.406 [main] ReportManager - File Action "ReadFile" successfully performed. With the following test data "File Path: "/Users/radwa/Desktop/shaft_project/extent-reports/ExtentReports_13-12-2022_14-49-04-0903-PM.html"".
[INFO ] 2022-12-13 14:49:09.407 [main] ReportManager - Successfully created attachment "HTML - Extent Emailable Execution Report"
[INFO ] 2022-12-13 14:49:09.407 [main] ReportManager - Attempting to perform the following command locally. Command: "sh generate_allure_report.sh"
